<?xml version="1.0" encoding="UTF-8"?>
<!-- Generated by org.testng.reporters.JUnitReportReporter -->
<testsuite hostname="Emmas-MBP.lan" failures="0" tests="2" name="Automation.TestNGPractice" time="0.005" errors="0" timestamp="2024-01-26T08:24:34 EST" skipped="0">
  <testcase classname="Automation.TestNGPractice" name="testcase2" time="0.004"/>
  <testcase classname="Automation.TestNGPractice" name="testcase1" time="0.001"/>
</testsuite> <!-- Automation.TestNGPractice -->
