<?xml version="1.0" encoding="UTF-8"?>
<!-- Generated by org.testng.reporters.JUnitReportReporter -->
<testsuite ignored="0" hostname="Emmas-MBP.lan" failures="0" tests="1" name="org.testing.testScripts.TC6_GetAll_RealAPI" time="0.162" errors="0" timestamp="25 Apr 2024 00:01:42 GMT" skipped="0">
  <testcase classname="org.testing.testScripts.TC6_GetAll_RealAPI" name="testcase6" time="0.162"/>
</testsuite> <!-- org.testing.testScripts.TC6_GetAll_RealAPI -->
