<?xml version="1.0" encoding="UTF-8"?>
<!-- Generated by org.testng.reporters.JUnitReportReporter -->
<testsuite ignored="0" hostname="Emmas-MBP.lan" failures="0" tests="1" name="org.testing.testScripts.TC1_PostRequest" time="0.539" errors="0" timestamp="25 Apr 2024 00:01:42 GMT" skipped="0">
  <testcase classname="org.testing.testScripts.TC1_PostRequest" name="testcase1" time="0.539"/>
</testsuite> <!-- org.testing.testScripts.TC1_PostRequest -->
