<?xml version="1.0" encoding="UTF-8"?>
<!-- Generated by org.testng.reporters.JUnitReportReporter -->
<testsuite ignored="0" hostname="Emmas-MBP.lan" failures="0" tests="1" name="org.testing.testScripts.TC9_Update_RealAPI" time="0.384" errors="0" timestamp="25 Apr 2024 00:01:42 GMT" skipped="0">
  <testcase classname="org.testing.testScripts.TC9_Update_RealAPI" name="testcase9" time="0.384"/>
</testsuite> <!-- org.testing.testScripts.TC9_Update_RealAPI -->
